2025-09-05 10:37:16,908 [INFO] Loading semantic model...
2025-09-05 10:37:21,183 [INFO] Semantic model loaded.
2025-09-05 10:37:21,184 [INFO] Loading FAISS index...
2025-09-05 10:37:21,185 [INFO] FAISS index loaded.
2025-09-05 10:37:21,185 [INFO] Loading metadata...
2025-09-05 10:37:21,186 [INFO] Metadata loaded: 2 items.
2025-09-05 10:37:21,186 [INFO] Loading BM25 index...
2025-09-05 10:37:21,187 [INFO] BM25 index loaded.
2025-09-05 10:37:21,188 [INFO] Loading Cross-Encoder for optional reranking...
2025-09-05 10:37:24,038 [INFO] Cross-Encoder loaded.
2025-09-05 10:37:24,042 [INFO] Starting Flask API server on port 5000...
2025-09-05 10:38:31,748 [INFO] Loading semantic model...
2025-09-05 10:38:36,015 [INFO] Semantic model loaded.
2025-09-05 10:38:36,016 [INFO] Loading FAISS index...
2025-09-05 10:38:36,017 [INFO] FAISS index loaded.
2025-09-05 10:38:36,018 [INFO] Loading metadata...
2025-09-05 10:38:36,018 [INFO] Metadata loaded: 2 items.
2025-09-05 10:38:36,019 [INFO] Loading BM25 index...
2025-09-05 10:38:36,019 [INFO] BM25 index loaded.
2025-09-05 10:38:36,020 [INFO] Loading Cross-Encoder for optional reranking...
2025-09-05 10:38:38,956 [INFO] Cross-Encoder loaded.
2025-09-05 10:38:38,957 [INFO] Starting Flask API server on port 5000...
2025-09-05 10:39:34,207 [INFO] Loading semantic model...
2025-09-05 10:39:42,477 [INFO] Semantic model loaded.
2025-09-05 10:39:42,478 [INFO] Loading FAISS index...
2025-09-05 10:39:42,479 [INFO] FAISS index loaded.
2025-09-05 10:39:42,480 [INFO] Loading metadata...
2025-09-05 10:39:42,481 [INFO] Metadata loaded: 2 items.
2025-09-05 10:39:42,481 [INFO] Loading BM25 index...
2025-09-05 10:39:42,482 [INFO] BM25 index loaded.
2025-09-05 10:39:42,482 [INFO] Loading Cross-Encoder for optional reranking...
2025-09-05 10:39:45,109 [INFO] Cross-Encoder loaded.
2025-09-05 10:39:45,111 [INFO] Starting Flask API server on port 5000...
2025-09-05 10:40:28,748 [INFO] Loading semantic model...
2025-09-05 10:40:33,177 [INFO] Semantic model loaded.
2025-09-05 10:40:33,177 [INFO] Loading FAISS index...
2025-09-05 10:40:33,178 [INFO] FAISS index loaded.
2025-09-05 10:40:33,178 [INFO] Loading metadata...
2025-09-05 10:40:33,179 [INFO] Metadata loaded: 2 items.
2025-09-05 10:40:33,179 [INFO] Loading BM25 index...
2025-09-05 10:40:33,180 [INFO] BM25 index loaded.
2025-09-05 10:40:33,180 [INFO] Loading Cross-Encoder for optional reranking...
2025-09-05 10:40:35,834 [INFO] Cross-Encoder loaded.
2025-09-05 10:40:35,836 [INFO] Starting Flask API server on port 5000...
2025-09-05 10:40:46,103 [INFO] Loaded 2 documents from 'E:\pythonProject-github-public\ai_search_optimizer\data\articles.csv'
2025-09-05 10:40:46,103 [INFO] Data loading complete. Total documents: 2
2025-09-05 10:40:52,378 [INFO] Loading documents from 'E:\pythonProject-github-public\ai_search_optimizer\data\articles.csv'...
2025-09-05 10:40:52,382 [INFO] Loaded 2 documents from 'E:\pythonProject-github-public\ai_search_optimizer\data\articles.csv'
2025-09-05 10:40:52,382 [INFO] 2 documents loaded.
2025-09-05 10:40:52,382 [INFO] Loading SentenceTransformer model 'all-MiniLM-L6-v2'...
2025-09-05 10:40:57,149 [INFO] Encoding 2 documents with batch_size=64...
2025-09-05 10:40:57,208 [INFO] Embeddings built: shape=(2, 384)
2025-09-05 10:40:57,209 [INFO] Normalizing embeddings for cosine similarity...
2025-09-05 10:40:57,210 [INFO] FAISS index built and saved to 'E:\pythonProject-github-public\ai_search_optimizer\index.faiss'
2025-09-05 10:40:57,210 [INFO] Metadata saved to 'E:\pythonProject-github-public\ai_search_optimizer\meta.pkl'
2025-09-05 10:40:57,210 [INFO] FAISS index and metadata creation completed successfully.
2025-09-05 10:40:58,695 [INFO] Loaded 2 documents from 'E:\pythonProject-github-public\ai_search_optimizer\data\articles.csv'
2025-09-05 10:40:58,695 [INFO] Documents loaded: 2
2025-09-05 10:40:58,695 [INFO] BM25 index built for 2 documents.
2025-09-05 10:40:58,696 [INFO] BM25 index saved to 'E:\pythonProject-github-public\ai_search_optimizer\bm25.pkl'
2025-09-05 10:40:58,696 [INFO] BM25 index process completed successfully.
2025-09-05 10:41:05,831 [INFO] Loading semantic model...
2025-09-05 10:41:10,172 [INFO] Semantic model loaded.
2025-09-05 10:41:10,172 [INFO] Loading FAISS index...
2025-09-05 10:41:10,188 [INFO] FAISS index loaded.
2025-09-05 10:41:10,189 [INFO] Loading metadata...
2025-09-05 10:41:10,191 [INFO] Metadata loaded: 2 items.
2025-09-05 10:41:10,192 [INFO] Loading BM25 index...
2025-09-05 10:41:10,194 [INFO] BM25 index loaded.
2025-09-05 10:41:10,194 [INFO] Loading Cross-Encoder for optional reranking...
2025-09-05 10:41:12,878 [INFO] Cross-Encoder loaded.
2025-09-05 10:41:12,880 [INFO] Starting Flask API server on port 5000...
2025-09-05 10:41:19,391 [INFO] Loading semantic model...
2025-09-05 10:41:28,293 [INFO] Semantic model loaded.
2025-09-05 10:41:28,294 [INFO] Loading FAISS index...
2025-09-05 10:41:28,295 [INFO] FAISS index loaded.
2025-09-05 10:41:28,295 [INFO] Loading metadata...
2025-09-05 10:41:28,295 [INFO] Metadata loaded: 2 items.
2025-09-05 10:41:28,296 [INFO] Loading BM25 index...
2025-09-05 10:41:28,297 [INFO] BM25 index loaded.
2025-09-05 10:41:28,297 [INFO] Loading Cross-Encoder for optional reranking...
2025-09-05 10:41:31,710 [INFO] Cross-Encoder loaded.
2025-09-05 10:41:31,712 [INFO] Starting Flask API server on port 5000...
2025-09-05 10:42:14,026 [INFO] Received query: 'AI' | top_k=10 | alpha=0.3 | rerank=False
2025-09-05 10:42:14,073 [INFO] 10 candidates after hybrid scoring.
2025-09-05 10:42:14,074 [INFO] Returning 10 results for query: 'AI'
2025-09-05 10:42:17,208 [INFO] Received query: 'AI' | top_k=10 | alpha=0.3 | rerank=True
2025-09-05 10:42:17,255 [INFO] 10 candidates after hybrid scoring.
2025-09-05 10:42:17,264 [INFO] Loaded 2 documents from 'E:\pythonProject-github-public\ai_search_optimizer\data\articles.csv'
2025-09-05 10:42:17,358 [INFO] Results reranked using Cross-Encoder.
2025-09-05 10:42:17,358 [INFO] Returning 10 results for query: 'AI'
2025-09-05 10:45:42,802 [INFO] Loading semantic model...
2025-09-05 10:45:47,415 [INFO] Semantic model loaded.
2025-09-05 10:45:47,416 [INFO] Loading FAISS index...
2025-09-05 10:45:47,417 [INFO] FAISS index loaded.
2025-09-05 10:45:47,417 [INFO] Loading metadata...
2025-09-05 10:45:47,417 [INFO] Metadata loaded: 2 items.
2025-09-05 10:45:47,418 [INFO] Loading BM25 index...
2025-09-05 10:45:47,418 [INFO] BM25 index loaded.
2025-09-05 10:45:47,418 [INFO] Loading Cross-Encoder for optional reranking...
2025-09-05 10:45:50,313 [INFO] Cross-Encoder loaded.
2025-09-05 10:45:50,314 [INFO] Starting Flask API server on port 5000...
2025-09-05 10:47:11,208 [INFO] Loading semantic model...
2025-09-05 10:47:15,905 [INFO] Semantic model loaded.
2025-09-05 10:47:15,906 [INFO] Loading FAISS index...
2025-09-05 10:47:15,907 [INFO] FAISS index loaded.
2025-09-05 10:47:15,907 [INFO] Loading metadata...
2025-09-05 10:47:15,908 [INFO] Metadata loaded: 2 items.
2025-09-05 10:47:15,908 [INFO] Loading BM25 index...
2025-09-05 10:47:15,909 [INFO] BM25 index loaded.
2025-09-05 10:47:15,910 [INFO] Loading Cross-Encoder for optional reranking...
2025-09-05 10:47:18,485 [INFO] Cross-Encoder loaded.
2025-09-05 10:47:18,487 [INFO] Starting Flask API server on port 5000...
2025-09-05 10:48:49,282 [INFO] Loading semantic model...
2025-09-05 10:48:53,595 [INFO] Semantic model loaded.
2025-09-05 10:48:53,596 [INFO] Loading FAISS index...
2025-09-05 10:48:53,596 [INFO] FAISS index loaded.
2025-09-05 10:48:53,597 [INFO] Loading metadata...
2025-09-05 10:48:53,598 [INFO] Metadata loaded: 2 items.
2025-09-05 10:48:53,598 [INFO] Loading BM25 index...
2025-09-05 10:48:53,599 [INFO] BM25 index loaded.
2025-09-05 10:48:53,600 [INFO] Loading Cross-Encoder for optional reranking...
2025-09-05 10:48:56,590 [INFO] Cross-Encoder loaded.
2025-09-05 10:48:56,592 [INFO] Starting Flask API server on port 5000...
2025-09-05 10:49:49,494 [INFO] Loading semantic model...
2025-09-05 10:49:54,382 [INFO] Semantic model loaded.
2025-09-05 10:49:54,383 [INFO] Loading FAISS index...
2025-09-05 10:49:54,384 [INFO] FAISS index loaded.
2025-09-05 10:49:54,384 [INFO] Loading metadata...
2025-09-05 10:49:54,385 [INFO] Metadata loaded: 2 items.
2025-09-05 10:49:54,386 [INFO] Loading BM25 index...
2025-09-05 10:49:54,387 [INFO] BM25 index loaded.
2025-09-05 10:49:54,387 [INFO] Loading Cross-Encoder for optional reranking...
2025-09-05 10:50:00,692 [INFO] Cross-Encoder loaded.
2025-09-05 10:50:00,694 [INFO] Starting Flask API server on port 5000...
2025-09-05 10:50:50,417 [INFO] Loading semantic model...
2025-09-05 10:50:55,653 [INFO] Semantic model loaded.
2025-09-05 10:50:55,654 [INFO] Loading FAISS index...
2025-09-05 10:50:55,654 [INFO] FAISS index loaded.
2025-09-05 10:50:55,655 [INFO] Loading metadata...
2025-09-05 10:50:55,655 [INFO] Metadata loaded: 2 items.
2025-09-05 10:50:55,655 [INFO] Loading BM25 index...
2025-09-05 10:50:55,656 [INFO] BM25 index loaded.
2025-09-05 10:50:55,656 [INFO] Loading Cross-Encoder for optional reranking...
2025-09-05 10:50:58,828 [INFO] Cross-Encoder loaded.
2025-09-05 10:50:58,830 [INFO] Starting Flask API server on port 5000...
2025-09-05 10:52:20,919 [INFO] Loading semantic model...
2025-09-05 10:52:27,211 [INFO] Semantic model loaded.
2025-09-05 10:52:27,211 [INFO] Loading FAISS index...
2025-09-05 10:52:27,212 [INFO] FAISS index loaded.
2025-09-05 10:52:27,213 [INFO] Loading metadata...
2025-09-05 10:52:27,213 [INFO] Metadata loaded: 2 items.
2025-09-05 10:52:27,214 [INFO] Loading BM25 index...
2025-09-05 10:52:27,215 [INFO] BM25 index loaded.
2025-09-05 10:52:27,215 [INFO] Loading Cross-Encoder for optional reranking...
2025-09-05 10:52:29,876 [INFO] Cross-Encoder loaded.
2025-09-05 10:52:29,878 [INFO] Starting Flask API server on port 5000...
2025-09-05 10:52:52,164 [INFO] Loading semantic model...
2025-09-05 10:53:00,297 [INFO] Semantic model loaded.
2025-09-05 10:53:00,298 [INFO] Loading FAISS index...
2025-09-05 10:53:00,299 [INFO] FAISS index loaded.
2025-09-05 10:53:00,300 [INFO] Loading metadata...
2025-09-05 10:53:00,301 [INFO] Metadata loaded: 2 items.
2025-09-05 10:53:00,301 [INFO] Loading BM25 index...
2025-09-05 10:53:00,302 [INFO] BM25 index loaded.
2025-09-05 10:53:00,303 [INFO] Loading Cross-Encoder for optional reranking...
2025-09-05 10:53:02,917 [INFO] Cross-Encoder loaded.
2025-09-05 10:53:02,918 [INFO] Starting Flask API server on port 5000...
2025-09-05 10:53:18,932 [INFO] Loading semantic model...
2025-09-05 10:53:23,543 [INFO] Semantic model loaded.
2025-09-05 10:53:23,544 [INFO] Loading FAISS index...
2025-09-05 10:53:23,545 [INFO] FAISS index loaded.
2025-09-05 10:53:23,546 [INFO] Loading metadata...
2025-09-05 10:53:23,546 [INFO] Metadata loaded: 2 items.
2025-09-05 10:53:23,547 [INFO] Loading BM25 index...
2025-09-05 10:53:23,548 [INFO] BM25 index loaded.
2025-09-05 10:53:23,548 [INFO] Loading Cross-Encoder for optional reranking...
2025-09-05 10:53:26,155 [INFO] Cross-Encoder loaded.
2025-09-05 10:53:26,157 [INFO] Starting Flask API server on port 5000...
2025-09-05 10:54:18,039 [INFO] Loading semantic model...
2025-09-05 10:54:22,490 [INFO] Semantic model loaded.
2025-09-05 10:54:22,490 [INFO] Loading FAISS index...
2025-09-05 10:54:22,491 [INFO] FAISS index loaded.
2025-09-05 10:54:22,491 [INFO] Loading metadata...
2025-09-05 10:54:22,492 [INFO] Metadata loaded: 2 items.
2025-09-05 10:54:22,492 [INFO] Loading BM25 index...
2025-09-05 10:54:22,493 [INFO] BM25 index loaded.
2025-09-05 10:54:22,493 [INFO] Loading Cross-Encoder for optional reranking...
2025-09-05 10:54:25,080 [INFO] Cross-Encoder loaded.
2025-09-05 10:54:25,082 [INFO] Starting Flask API server on port 5000...
2025-09-05 10:54:55,169 [INFO] Loaded 2 documents from 'E:\pythonProject-github-public\ai_search_optimizer\data\articles.csv'
2025-09-05 10:54:55,170 [INFO] Data loading complete. Total documents: 2
2025-09-05 10:55:01,594 [INFO] Loading documents from 'E:\pythonProject-github-public\ai_search_optimizer\data\articles.csv'...
2025-09-05 10:55:01,600 [INFO] Loaded 2 documents from 'E:\pythonProject-github-public\ai_search_optimizer\data\articles.csv'
2025-09-05 10:55:01,601 [INFO] 2 documents loaded.
2025-09-05 10:55:01,601 [INFO] Loading SentenceTransformer model 'all-MiniLM-L6-v2'...
2025-09-05 10:55:06,840 [INFO] Encoding 2 documents with batch_size=64...
2025-09-05 10:55:06,909 [INFO] Embeddings built: shape=(2, 384)
2025-09-05 10:55:06,909 [INFO] Normalizing embeddings for cosine similarity...
2025-09-05 10:55:06,910 [INFO] FAISS index built and saved to 'E:\pythonProject-github-public\ai_search_optimizer\index.faiss'
2025-09-05 10:55:06,911 [INFO] Metadata saved to 'E:\pythonProject-github-public\ai_search_optimizer\meta.pkl'
2025-09-05 10:55:06,911 [INFO] FAISS index and metadata creation completed successfully.
2025-09-05 10:55:08,623 [INFO] Loaded 2 documents from 'E:\pythonProject-github-public\ai_search_optimizer\data\articles.csv'
2025-09-05 10:55:08,623 [INFO] Documents loaded: 2
2025-09-05 10:55:08,623 [INFO] BM25 index built for 2 documents.
2025-09-05 10:55:08,624 [INFO] BM25 index saved to 'E:\pythonProject-github-public\ai_search_optimizer\bm25.pkl'
2025-09-05 10:55:08,624 [INFO] BM25 index process completed successfully.
2025-09-05 10:55:15,973 [INFO] Loading semantic model...
2025-09-05 10:55:20,612 [INFO] Semantic model loaded.
2025-09-05 10:55:20,613 [INFO] Loading FAISS index...
2025-09-05 10:55:20,615 [INFO] FAISS index loaded.
2025-09-05 10:55:20,616 [INFO] Loading metadata...
2025-09-05 10:55:20,618 [INFO] Metadata loaded: 2 items.
2025-09-05 10:55:20,618 [INFO] Loading BM25 index...
2025-09-05 10:55:20,621 [INFO] BM25 index loaded.
2025-09-05 10:55:20,621 [INFO] Loading Cross-Encoder for optional reranking...
2025-09-05 10:55:25,601 [INFO] Cross-Encoder loaded.
2025-09-05 10:55:25,603 [INFO] Starting Flask API server on port 5000...
2025-09-05 10:55:32,384 [INFO] Loading semantic model...
2025-09-05 10:55:36,758 [INFO] Semantic model loaded.
2025-09-05 10:55:36,759 [INFO] Loading FAISS index...
2025-09-05 10:55:36,760 [INFO] FAISS index loaded.
2025-09-05 10:55:36,760 [INFO] Loading metadata...
2025-09-05 10:55:36,761 [INFO] Metadata loaded: 2 items.
2025-09-05 10:55:36,761 [INFO] Loading BM25 index...
2025-09-05 10:55:36,762 [INFO] BM25 index loaded.
2025-09-05 10:55:36,762 [INFO] Loading Cross-Encoder for optional reranking...
2025-09-05 10:55:39,308 [INFO] Cross-Encoder loaded.
2025-09-05 10:55:39,310 [INFO] Starting Flask API server on port 5000...
